<?xml version="1.0" encoding="UTF-8"?>
<!-- Generated by org.testng.reporters.JUnitReportReporter -->
<testsuite hostname="Saurabhchoudhari" failures="0" tests="1" name="Saurabhextentreport.ExtentReports.ExtentReportsDemo" time="8.224" errors="0" timestamp="2024-01-09T16:40:00 IST" skipped="0">
  <testcase classname="Saurabhextentreport.ExtentReports.ExtentReportsDemo" name="initialDemo" time="8.224"/>
  <system-out/>
</testsuite> <!-- Saurabhextentreport.ExtentReports.ExtentReportsDemo -->
